<?xml version="1.0" encoding="UTF-8"?>
<testsuite xmlns:xsi="http://www.w3.org/2001/XMLSchema-instance" xsi:noNamespaceSchemaLocation="https://maven.apache.org/surefire/maven-surefire-plugin/xsd/surefire-test-report-3.0.xsd" version="3.0" name="examples.ExamplesTest" time="1.143" tests="1" errors="0" skipped="0" failures="0">
  <properties>
[...]
</properties>
  <testcase name="testParallel" classname="examples.ExamplesTest" time="1.14">
    <system-out><![CDATA[10:41:41.272 [main] DEBUG com.intuit.karate.Suite - [config] classpath:karate-config.js
10:41:41.278 [main] INFO  com.intuit.karate.Suite - backed up existing 'target\karate-reports' dir to: target\karate-reports_1749570101276
10:41:41.301 [pool-2-thread-2] INFO  com.intuit.karate - karate.env system property was: null 
10:41:41.301 [pool-2-thread-1] INFO  com.intuit.karate - karate.env system property was: null 
10:41:41.307 [pool-2-thread-2] DEBUG com.intuit.karate - request:
1 > POST https://jsonplaceholder.typicode.com/users
1 > Content-Type: application/json; charset=UTF-8
1 > Content-Length: 160
1 > Host: jsonplaceholder.typicode.com
1 > Connection: Keep-Alive
1 > User-Agent: Apache-HttpClient/4.5.14 (Java/21.0.3)
1 > Accept-Encoding: gzip,deflate
{"name":"Test User","username":"testuser","email":"test@user.com","address":{"street":"Has No Name","suite":"Apt. 123","city":"Electri","zipcode":"54321-6789"}}

10:41:41.307 [pool-2-thread-1] DEBUG com.intuit.karate - request:
1 > GET https://jsonplaceholder.typicode.com/users
1 > Host: jsonplaceholder.typicode.com
1 > Connection: Keep-Alive
1 > User-Agent: Apache-HttpClient/4.5.14 (Java/21.0.3)
1 > Accept-Encoding: gzip,deflate


10:41:41.697 [pool-2-thread-2] DEBUG com.intuit.karate - response time in milliseconds: 388
1 < 201
1 < Date: Tue, 10 Jun 2025 15:41:42 GMT
1 < Content-Type: application/json; charset=utf-8
1 < Content-Length: 216
1 < Connection: keep-alive
1 < Cf-Ray: 94d9f9723cb3ecb0-MAD
1 < Access-Control-Allow-Credentials: true
1 < Access-Control-Expose-Headers: Location
1 < Cache-Control: no-cache
1 < Etag: W/"d8-pYV7+YuMGP2hxHPU9ARrf97ifDA"
1 < Expires: -1
1 < Location: https://jsonplaceholder.typicode.com/users/11
1 < Nel: {"report_to":"heroku-nel","response_headers":["Via"],"max_age":3600,"success_fraction":0.01,"failure_fraction":0.1}
1 < Pragma: no-cache
1 < Report-To: {"group":"heroku-nel","endpoints":[{"url":"https://nel.heroku.com/reports?s=8gfCwDbE1LO6jeIn7UZTzIbmJN1SCOpsvOOTLh3gasM%3D\u0026sid=e11707d5-02a7-43ef-b45e-2cf4d2036f7d\u0026ts=1749570102"}],"max_age":3600}
1 < Reporting-Endpoints: heroku-nel="https://nel.heroku.com/reports?s=8gfCwDbE1LO6jeIn7UZTzIbmJN1SCOpsvOOTLh3gasM%3D&sid=e11707d5-02a7-43ef-b45e-2cf4d2036f7d&ts=1749570102"
1 < Vary: Origin, X-HTTP-Method-Override, Accept-Encoding
1 < Via: 2.0 heroku-router
1 < X-Content-Type-Options: nosniff
1 < X-Powered-By: Express
1 < X-Ratelimit-Limit: 1000
1 < X-Ratelimit-Remaining: 999
1 < X-Ratelimit-Reset: 1749570132
1 < Cf-Cache-Status: DYNAMIC
1 < Server: cloudflare
1 < alt-svc: h3=":443"; ma=86400
1 < server-timing: cfL4;desc="?proto=TCP&rtt=57398&min_rtt=18887&rtt_var=35363&sent=7&recv=7&lost=0&retrans=0&sent_bytes=3110&recv_bytes=994&delivery_rate=224221&cwnd=252&unsent_bytes=0&cid=48e37ede94661f76&ts=183&x=0"
{
  "name": "Test User",
  "username": "testuser",
  "email": "test@user.com",
  "address": {
    "street": "Has No Name",
    "suite": "Apt. 123",
    "city": "Electri",
    "zipcode": "54321-6789"
  },
  "id": 11
}

10:41:41.699 [pool-2-thread-2] INFO  com.intuit.karate - [print] created id is:  11 
10:41:41.701 [pool-2-thread-1] DEBUG com.intuit.karate - response time in milliseconds: 392
1 < 200
1 < Date: Tue, 10 Jun 2025 15:41:42 GMT
1 < Content-Type: application/json; charset=utf-8
1 < Transfer-Encoding: chunked
1 < Connection: keep-alive
1 < Cf-Ray: 94d9f9723a026617-MAD
1 < Report-To: {"group":"heroku-nel","max_age":3600,"endpoints":[{"url":"https://nel.heroku.com/reports?ts=1745352699&sid=e11707d5-02a7-43ef-b45e-2cf4d2036f7d&s=hfimVExCMZRxgm49bcfPi4SdvNq1B3%2BwMvu6Zap91Kg%3D"}]}
1 < Reporting-Endpoints: heroku-nel=https://nel.heroku.com/reports?ts=1745352699&sid=e11707d5-02a7-43ef-b45e-2cf4d2036f7d&s=hfimVExCMZRxgm49bcfPi4SdvNq1B3%2BwMvu6Zap91Kg%3D
1 < Nel: {"report_to":"heroku-nel","max_age":3600,"success_fraction":0.005,"failure_fraction":0.05,"response_headers":["Via"]}
1 < X-Powered-By: Express
1 < X-Ratelimit-Limit: 1000
1 < X-Ratelimit-Remaining: 999
1 < X-Ratelimit-Reset: 1745352733
1 < Vary: Origin, Accept-Encoding
1 < Access-Control-Allow-Credentials: true
1 < Cache-Control: max-age=43200
1 < Pragma: no-cache
1 < Expires: -1
1 < X-Content-Type-Options: nosniff
1 < Etag: W/"160d-1eMSsxeJRfnVLRBmYJSbCiJZ1qQ"
1 < Via: 1.1 vegur
1 < Age: 22662
1 < Cf-Cache-Status: HIT
1 < Server: cloudflare
1 < alt-svc: h3=":443"; ma=86400
1 < server-timing: cfL4;desc="?proto=TCP&rtt=62552&min_rtt=17899&rtt_var=34983&sent=7&recv=7&lost=0&retrans=0&sent_bytes=3111&recv_bytes=765&delivery_rate=236661&cwnd=252&unsent_bytes=0&cid=1c8b520dc9aa042c&ts=84&x=0"
[
  {
    "id": 1,
    "name": "Leanne Graham",
    "username": "Bret",
    "email": "Sincere@april.biz",
    "address": {
      "street": "Kulas Light",
      "suite": "Apt. 556",
      "city": "Gwenborough",
      "zipcode": "92998-3874",
      "geo": {
        "lat": "-37.3159",
        "lng": "81.1496"
      }
    },
    "phone": "1-770-736-8031 x56442",
    "website": "hildegard.org",
    "company": {
      "name": "Romaguera-Crona",
      "catchPhrase": "Multi-layered client-server neural-net",
      "bs": "harness real-time e-markets"
    }
  },
  {
    "id": 2,
    "name": "Ervin Howell",
    "username": "Antonette",
    "email": "Shanna@melissa.tv",
    "address": {
      "street": "Victor Plains",
      "suite": "Suite 879",
      "city": "Wisokyburgh",
      "zipcode": "90566-7771",
      "geo": {
        "lat": "-43.9509",
        "lng": "-34.4618"
      }
    },
    "phone": "010-692-6593 x09125",
    "website": "anastasia.net",
    "company": {
      "name": "Deckow-Crist",
      "catchPhrase": "Proactive didactic contingency",
      "bs": "synergize scalable supply-chains"
    }
  },
  {
    "id": 3,
    "name": "Clementine Bauch",
    "username": "Samantha",
    "email": "Nathan@yesenia.net",
    "address": {
      "street": "Douglas Extension",
      "suite": "Suite 847",
      "city": "McKenziehaven",
      "zipcode": "59590-4157",
      "geo": {
        "lat": "-68.6102",
        "lng": "-47.0653"
      }
    },
    "phone": "1-463-123-4447",
    "website": "ramiro.info",
    "company": {
      "name": "Romaguera-Jacobson",
      "catchPhrase": "Face to face bifurcated interface",
      "bs": "e-enable strategic applications"
    }
  },
  {
    "id": 4,
    "name": "Patricia Lebsack",
    "username": "Karianne",
    "email": "Julianne.OConner@kory.org",
    "address": {
      "street": "Hoeger Mall",
      "suite": "Apt. 692",
      "city": "South Elvis",
      "zipcode": "53919-4257",
      "geo": {
        "lat": "29.4572",
        "lng": "-164.2990"
      }
    },
    "phone": "493-170-9623 x156",
    "website": "kale.biz",
    "company": {
      "name": "Robel-Corkery",
      "catchPhrase": "Multi-tiered zero tolerance productivity",
      "bs": "transition cutting-edge web services"
    }
  },
  {
    "id": 5,
    "name": "Chelsey Dietrich",
    "username": "Kamren",
    "email": "Lucio_Hettinger@annie.ca",
    "address": {
      "street": "Skiles Walks",
      "suite": "Suite 351",
      "city": "Roscoeview",
      "zipcode": "33263",
      "geo": {
        "lat": "-31.8129",
        "lng": "62.5342"
      }
    },
    "phone": "(254)954-1289",
    "website": "demarco.info",
    "company": {
      "name": "Keebler LLC",
      "catchPhrase": "User-centric fault-tolerant solution",
      "bs": "revolutionize end-to-end systems"
    }
  },
  {
    "id": 6,
    "name": "Mrs. Dennis Schulist",
    "username": "Leopoldo_Corkery",
    "email": "Karley_Dach@jasper.info",
    "address": {
      "street": "Norberto Crossing",
      "suite": "Apt. 950",
      "city": "South Christy",
      "zipcode": "23505-1337",
      "geo": {
        "lat": "-71.4197",
        "lng": "71.7478"
      }
    },
    "phone": "1-477-935-8478 x6430",
    "website": "ola.org",
    "company": {
      "name": "Considine-Lockman",
      "catchPhrase": "Synchronised bottom-line interface",
      "bs": "e-enable innovative applications"
    }
  },
  {
    "id": 7,
    "name": "Kurtis Weissnat",
    "username": "Elwyn.Skiles",
    "email": "Telly.Hoeger@billy.biz",
    "address": {
      "street": "Rex Trail",
      "suite": "Suite 280",
      "city": "Howemouth",
      "zipcode": "58804-1099",
      "geo": {
        "lat": "24.8918",
        "lng": "21.8984"
      }
    },
    "phone": "210.067.6132",
    "website": "elvis.io",
    "company": {
      "name": "Johns Group",
      "catchPhrase": "Configurable multimedia task-force",
      "bs": "generate enterprise e-tailers"
    }
  },
  {
    "id": 8,
    "name": "Nicholas Runolfsdottir V",
    "username": "Maxime_Nienow",
    "email": "Sherwood@rosamond.me",
    "address": {
      "street": "Ellsworth Summit",
      "suite": "Suite 729",
      "city": "Aliyaview",
      "zipcode": "45169",
      "geo": {
        "lat": "-14.3990",
        "lng": "-120.7677"
      }
    },
    "phone": "586.493.6943 x140",
    "website": "jacynthe.com",
    "company": {
      "name": "Abernathy Group",
      "catchPhrase": "Implemented secondary concept",
      "bs": "e-enable extensible e-tailers"
    }
  },
  {
    "id": 9,
    "name": "Glenna Reichert",
    "username": "Delphine",
    "email": "Chaim_McDermott@dana.io",
    "address": {
      "street": "Dayna Park",
      "suite": "Suite 449",
      "city": "Bartholomebury",
      "zipcode": "76495-3109",
      "geo": {
        "lat": "24.6463",
        "lng": "-168.8889"
      }
    },
    "phone": "(775)976-6794 x41206",
    "website": "conrad.com",
    "company": {
      "name": "Yost and Sons",
      "catchPhrase": "Switchable contextually-based project",
      "bs": "aggregate real-time technologies"
    }
  },
  {
    "id": 10,
    "name": "Clementina DuBuque",
    "username": "Moriah.Stanton",
    "email": "Rey.Padberg@karina.biz",
    "address": {
      "street": "Kattie Turnpike",
      "suite": "Suite 198",
      "city": "Lebsackbury",
      "zipcode": "31428-2261",
      "geo": {
        "lat": "-38.2386",
        "lng": "57.2232"
      }
    },
    "phone": "024-648-3804",
    "website": "ambrose.net",
    "company": {
      "name": "Hoeger LLC",
      "catchPhrase": "Centralized empowering task-force",
      "bs": "target end-to-end models"
    }
  }
]

10:41:41.704 [pool-2-thread-1] DEBUG com.intuit.karate - request:
2 > GET https://jsonplaceholder.typicode.com/users/1
2 > Host: jsonplaceholder.typicode.com
2 > Connection: Keep-Alive
2 > User-Agent: Apache-HttpClient/4.5.14 (Java/21.0.3)
2 > Accept-Encoding: gzip,deflate


10:41:41.888 [pool-2-thread-1] DEBUG com.intuit.karate - response time in milliseconds: 183
2 < 200
2 < Date: Tue, 10 Jun 2025 15:41:42 GMT
2 < Content-Type: application/json; charset=utf-8
2 < Transfer-Encoding: chunked
2 < Connection: keep-alive
2 < Access-Control-Allow-Credentials: true
2 < Cache-Control: max-age=43200
2 < Etag: W/"1fd-+2Y3G3w049iSZtw5t1mzSnunngE"
2 < Expires: -1
2 < Nel: {"report_to":"heroku-nel","response_headers":["Via"],"max_age":3600,"success_fraction":0.01,"failure_fraction":0.1}
2 < Pragma: no-cache
2 < Report-To: {"group":"heroku-nel","endpoints":[{"url":"https://nel.heroku.com/reports?s=AMSUgS5izDr6qYOsIu8aAHcgOWzHXmOwhuEi3aeJKBI%3D\u0026sid=e11707d5-02a7-43ef-b45e-2cf4d2036f7d\u0026ts=1748253544"}],"max_age":3600}
2 < Reporting-Endpoints: heroku-nel="https://nel.heroku.com/reports?s=AMSUgS5izDr6qYOsIu8aAHcgOWzHXmOwhuEi3aeJKBI%3D&sid=e11707d5-02a7-43ef-b45e-2cf4d2036f7d&ts=1748253544"
2 < Vary: Origin, Accept-Encoding
2 < Via: 2.0 heroku-router
2 < X-Content-Type-Options: nosniff
2 < X-Powered-By: Express
2 < X-Ratelimit-Limit: 1000
2 < X-Ratelimit-Remaining: 999
2 < X-Ratelimit-Reset: 1748253568
2 < Age: 13080
2 < Cf-Cache-Status: HIT
2 < Server: cloudflare
2 < Cf-Ray: 94d9f9742c96033e-MAD
2 < alt-svc: h3=":443"; ma=86400
2 < server-timing: cfL4;desc="?proto=TCP&rtt=24072&min_rtt=17507&rtt_var=19695&sent=3&recv=6&lost=0&retrans=0&sent_bytes=219&recv_bytes=1022&delivery_rate=20163&cwnd=250&unsent_bytes=0&cid=71a65eb0c691b2a7&ts=89&x=0"
{
  "id": 1,
  "name": "Leanne Graham",
  "username": "Bret",
  "email": "Sincere@april.biz",
  "address": {
    "street": "Kulas Light",
    "suite": "Apt. 556",
    "city": "Gwenborough",
    "zipcode": "92998-3874",
    "geo": {
      "lat": "-37.3159",
      "lng": "81.1496"
    }
  },
  "phone": "1-770-736-8031 x56442",
  "website": "hildegard.org",
  "company": {
    "name": "Romaguera-Crona",
    "catchPhrase": "Multi-layered client-server neural-net",
    "bs": "harness real-time e-markets"
  }
}

---------------------------------------------------------
feature: classpath:examples/users/users.feature
scenarios:  2 | passed:  2 | failed:  0 | time: 0,9798
---------------------------------------------------------

10:41:41.990 [pool-3-thread-1] INFO  com.intuit.karate.Suite - <<pass>> feature 1 of 1 (0 remaining) classpath:examples/users/users.feature
Karate version: 1.5.0
======================================================
elapsed:   1,07 | threads:    5 | thread time: 0,98 
features:     1 | skipped:    0 | efficiency: 0,18
scenarios:    2 | passed:     2 | failed: 0
======================================================

HTML report: (paste into browser to view) | Karate version: 1.5.0
file:///C:/Users/FA506/Documents/KarateVS/AutoKarate/target/karate-reports/karate-summary.html
===================================================================

]]></system-out>
  </testcase>
</testsuite>